<?xml version="1.0" encoding="UTF-8"?>
<!-- Generated by org.testng.reporters.JUnitReportReporter -->
<testsuite hostname="Server" failures="1" tests="2" name="TestCases.LoginPageTest" time="23.478" errors="0" timestamp="2023-05-24T17:09:35 IST" skipped="0">
  <testcase classname="TestCases.LoginPageTest" name="validLogin" time="11.739"/>
  <system-out/>
  <testcase classname="TestCases.LoginPageTest" name="invalidLogin" time="11.739">
    <failure message="expected [[DEV mode - 10.2.1.1711] Guidewire PolicyCenter] but found [[DEV mode - 10.2.1.1711] Guidewire PolicyCenter (Super User) My Summary]" type="java.lang.AssertionError">
      <![CDATA[java.lang.AssertionError: expected [[DEV mode - 10.2.1.1711] Guidewire PolicyCenter] but found [[DEV mode - 10.2.1.1711] Guidewire PolicyCenter (Super User) My Summary]
at org.testng.Assert.fail(Assert.java:99)
at org.testng.Assert.failNotEquals(Assert.java:1037)
at org.testng.Assert.assertEqualsImpl(Assert.java:140)
at org.testng.Assert.assertEquals(Assert.java:122)
at org.testng.Assert.assertEquals(Assert.java:629)
at org.testng.Assert.assertEquals(Assert.java:639)
at TestCases.LoginPageTest.invalidLogin(LoginPageTest.java:82)
at java.base/jdk.internal.reflect.NativeMethodAccessorImpl.invoke0(Native Method)
at java.base/jdk.internal.reflect.NativeMethodAccessorImpl.invoke(NativeMethodAccessorImpl.java:77)
at java.base/jdk.internal.reflect.DelegatingMethodAccessorImpl.invoke(DelegatingMethodAccessorImpl.java:43)
at java.base/java.lang.reflect.Method.invoke(Method.java:568)
at org.testng.internal.MethodInvocationHelper.invokeMethod(MethodInvocationHelper.java:133)
at org.testng.internal.TestInvoker.invokeMethod(TestInvoker.java:598)
at org.testng.internal.TestInvoker.invokeTestMethod(TestInvoker.java:173)
at org.testng.internal.MethodRunner.runInSequence(MethodRunner.java:46)
at org.testng.internal.TestInvoker$MethodInvocationAgent.invoke(TestInvoker.java:824)
at org.testng.internal.TestInvoker.invokeTestMethods(TestInvoker.java:146)
at org.testng.internal.TestMethodWorker.invokeTestMethods(TestMethodWorker.java:146)
at org.testng.internal.TestMethodWorker.run(TestMethodWorker.java:128)
at java.base/java.util.concurrent.ThreadPoolExecutor.runWorker(ThreadPoolExecutor.java:1136)
at java.base/java.util.concurrent.ThreadPoolExecutor$Worker.run(ThreadPoolExecutor.java:635)
at java.base/java.lang.Thread.run(Thread.java:833)
]]>
    </failure>
  </testcase> <!-- invalidLogin -->
  <system-out/>
</testsuite> <!-- TestCases.LoginPageTest -->
